{"C:\\Users\\Matija\\Desktop\\ePrometna\\ePrometna_PoliceMobileApp\\enums\\userRole.ts": {"path":"C:\\Users\\Matija\\Desktop\\ePrometna\\ePrometna_PoliceMobileApp\\enums\\userRole.ts","statementMap":{},"fnMap":{},"branchMap":{},"s":{},"f":{},"b":{},"_coverageSchema":"1a1c01bbd47fc00a2c39e90264f33305004495a9","hash":"6c572f0b3bec1927efd34fdc3f81ec045f98a031"}
,"C:\\Users\\Matija\\Desktop\\ePrometna\\ePrometna_PoliceMobileApp\\services\\authService.ts": {"path":"C:\\Users\\Matija\\Desktop\\ePrometna\\ePrometna_PoliceMobileApp\\services\\authService.ts","statementMap":{"0":{"start":{"line":17,"column":2},"end":{"line":53,"column":3}},"1":{"start":{"line":19,"column":23},"end":{"line":19,"column":44}},"2":{"start":{"line":21,"column":25},"end":{"line":34,"column":5}},"3":{"start":{"line":36,"column":21},"end":{"line":36,"column":102}},"4":{"start":{"line":38,"column":4},"end":{"line":42,"column":7}},"5":{"start":{"line":44,"column":4},"end":{"line":44,"column":25}},"6":{"start":{"line":46,"column":4},"end":{"line":50,"column":5}},"7":{"start":{"line":47,"column":25},"end":{"line":47,"column":54}},"8":{"start":{"line":48,"column":6},"end":{"line":48,"column":86}},"9":{"start":{"line":49,"column":6},"end":{"line":49,"column":90}},"10":{"start":{"line":51,"column":4},"end":{"line":51,"column":66}},"11":{"start":{"line":52,"column":4},"end":{"line":52,"column":79}},"12":{"start":{"line":58,"column":2},"end":{"line":89,"column":3}},"13":{"start":{"line":60,"column":23},"end":{"line":60,"column":44}},"14":{"start":{"line":62,"column":44},"end":{"line":70,"column":5}},"15":{"start":{"line":72,"column":21},"end":{"line":72,"column":104}},"16":{"start":{"line":74,"column":4},"end":{"line":78,"column":7}},"17":{"start":{"line":80,"column":4},"end":{"line":80,"column":25}},"18":{"start":{"line":82,"column":4},"end":{"line":86,"column":5}},"19":{"start":{"line":83,"column":25},"end":{"line":83,"column":54}},"20":{"start":{"line":84,"column":6},"end":{"line":84,"column":86}},"21":{"start":{"line":85,"column":6},"end":{"line":85,"column":90}},"22":{"start":{"line":87,"column":4},"end":{"line":87,"column":66}},"23":{"start":{"line":88,"column":4},"end":{"line":88,"column":79}},"24":{"start":{"line":94,"column":2},"end":{"line":103,"column":3}},"25":{"start":{"line":95,"column":21},"end":{"line":95,"column":72}},"26":{"start":{"line":96,"column":4},"end":{"line":96,"column":25}},"27":{"start":{"line":98,"column":4},"end":{"line":101,"column":5}},"28":{"start":{"line":99,"column":25},"end":{"line":99,"column":54}},"29":{"start":{"line":100,"column":6},"end":{"line":100,"column":76}},"30":{"start":{"line":102,"column":4},"end":{"line":102,"column":65}},"31":{"start":{"line":107,"column":2},"end":{"line":112,"column":3}},"32":{"start":{"line":109,"column":4},"end":{"line":109,"column":48}},"33":{"start":{"line":111,"column":4},"end":{"line":111,"column":56}}},"fnMap":{"0":{"name":"registerMobile","decl":{"start":{"line":16,"column":22},"end":{"line":16,"column":36}},"loc":{"start":{"line":16,"column":90},"end":{"line":54,"column":1}},"line":16},"1":{"name":"registerPolice","decl":{"start":{"line":57,"column":22},"end":{"line":57,"column":36}},"loc":{"start":{"line":57,"column":82},"end":{"line":90,"column":1}},"line":57},"2":{"name":"login","decl":{"start":{"line":93,"column":22},"end":{"line":93,"column":27}},"loc":{"start":{"line":93,"column":51},"end":{"line":104,"column":1}},"line":93},"3":{"name":"logoutDevice","decl":{"start":{"line":106,"column":22},"end":{"line":106,"column":34}},"loc":{"start":{"line":106,"column":52},"end":{"line":113,"column":1}},"line":106}},"branchMap":{"0":{"loc":{"start":{"line":39,"column":19},"end":{"line":39,"column":59}},"type":"cond-expr","locations":[{"start":{"line":39,"column":47},"end":{"line":39,"column":52}},{"start":{"line":39,"column":55},"end":{"line":39,"column":59}}],"line":39},"1":{"loc":{"start":{"line":40,"column":20},"end":{"line":40,"column":61}},"type":"cond-expr","locations":[{"start":{"line":40,"column":49},"end":{"line":40,"column":54}},{"start":{"line":40,"column":57},"end":{"line":40,"column":61}}],"line":40},"2":{"loc":{"start":{"line":41,"column":19},"end":{"line":41,"column":59}},"type":"cond-expr","locations":[{"start":{"line":41,"column":47},"end":{"line":41,"column":52}},{"start":{"line":41,"column":55},"end":{"line":41,"column":59}}],"line":41},"3":{"loc":{"start":{"line":46,"column":4},"end":{"line":50,"column":5}},"type":"if","locations":[{"start":{"line":46,"column":4},"end":{"line":50,"column":5}},{"start":{},"end":{}}],"line":46},"4":{"loc":{"start":{"line":49,"column":22},"end":{"line":49,"column":88}},"type":"binary-expr","locations":[{"start":{"line":49,"column":22},"end":{"line":49,"column":56}},{"start":{"line":49,"column":60},"end":{"line":49,"column":88}}],"line":49},"5":{"loc":{"start":{"line":75,"column":19},"end":{"line":75,"column":59}},"type":"cond-expr","locations":[{"start":{"line":75,"column":47},"end":{"line":75,"column":52}},{"start":{"line":75,"column":55},"end":{"line":75,"column":59}}],"line":75},"6":{"loc":{"start":{"line":76,"column":20},"end":{"line":76,"column":61}},"type":"cond-expr","locations":[{"start":{"line":76,"column":49},"end":{"line":76,"column":54}},{"start":{"line":76,"column":57},"end":{"line":76,"column":61}}],"line":76},"7":{"loc":{"start":{"line":77,"column":19},"end":{"line":77,"column":59}},"type":"cond-expr","locations":[{"start":{"line":77,"column":47},"end":{"line":77,"column":52}},{"start":{"line":77,"column":55},"end":{"line":77,"column":59}}],"line":77},"8":{"loc":{"start":{"line":82,"column":4},"end":{"line":86,"column":5}},"type":"if","locations":[{"start":{"line":82,"column":4},"end":{"line":86,"column":5}},{"start":{},"end":{}}],"line":82},"9":{"loc":{"start":{"line":85,"column":22},"end":{"line":85,"column":88}},"type":"binary-expr","locations":[{"start":{"line":85,"column":22},"end":{"line":85,"column":56}},{"start":{"line":85,"column":60},"end":{"line":85,"column":88}}],"line":85},"10":{"loc":{"start":{"line":98,"column":4},"end":{"line":101,"column":5}},"type":"if","locations":[{"start":{"line":98,"column":4},"end":{"line":101,"column":5}},{"start":{},"end":{}}],"line":98},"11":{"loc":{"start":{"line":100,"column":22},"end":{"line":100,"column":74}},"type":"binary-expr","locations":[{"start":{"line":100,"column":22},"end":{"line":100,"column":56}},{"start":{"line":100,"column":60},"end":{"line":100,"column":74}}],"line":100}},"s":{"0":2,"1":2,"2":2,"3":2,"4":1,"5":1,"6":1,"7":1,"8":1,"9":1,"10":0,"11":0,"12":6,"13":6,"14":5,"15":5,"16":2,"17":2,"18":4,"19":3,"20":3,"21":3,"22":1,"23":1,"24":4,"25":4,"26":1,"27":3,"28":3,"29":3,"30":0,"31":0,"32":0,"33":0},"f":{"0":2,"1":6,"2":4,"3":0},"b":{"0":[1,0],"1":[1,0],"2":[1,0],"3":[1,0],"4":[1,0],"5":[2,0],"6":[2,0],"7":[2,0],"8":[3,1],"9":[3,1],"10":[3,0],"11":[3,1]},"_coverageSchema":"1a1c01bbd47fc00a2c39e90264f33305004495a9","hash":"e0f4de6933d7bf0b0cd2e4b2643b3edd882c60d8"}
,"C:\\Users\\Matija\\Desktop\\ePrometna\\ePrometna_PoliceMobileApp\\services\\tempDataService.ts": {"path":"C:\\Users\\Matija\\Desktop\\ePrometna\\ePrometna_PoliceMobileApp\\services\\tempDataService.ts","statementMap":{"0":{"start":{"line":18,"column":2},"end":{"line":65,"column":3}},"1":{"start":{"line":19,"column":29},"end":{"line":19,"column":77}},"2":{"start":{"line":20,"column":4},"end":{"line":20,"column":56}},"3":{"start":{"line":22,"column":34},"end":{"line":22,"column":55}},"4":{"start":{"line":24,"column":4},"end":{"line":27,"column":5}},"5":{"start":{"line":25,"column":6},"end":{"line":25,"column":70}},"6":{"start":{"line":26,"column":6},"end":{"line":26,"column":53}},"7":{"start":{"line":29,"column":4},"end":{"line":29,"column":125}},"8":{"start":{"line":31,"column":28},"end":{"line":31,"column":83}},"9":{"start":{"line":32,"column":4},"end":{"line":32,"column":68}},"10":{"start":{"line":33,"column":39},"end":{"line":33,"column":59}},"11":{"start":{"line":35,"column":27},"end":{"line":35,"column":78}},"12":{"start":{"line":36,"column":4},"end":{"line":36,"column":66}},"13":{"start":{"line":37,"column":28},"end":{"line":37,"column":47}},"14":{"start":{"line":39,"column":4},"end":{"line":43,"column":6}},"15":{"start":{"line":46,"column":4},"end":{"line":53,"column":7}},"16":{"start":{"line":56,"column":4},"end":{"line":64,"column":5}},"17":{"start":{"line":57,"column":6},"end":{"line":57,"column":64}},"18":{"start":{"line":58,"column":11},"end":{"line":64,"column":5}},"19":{"start":{"line":59,"column":6},"end":{"line":59,"column":54}},"20":{"start":{"line":60,"column":11},"end":{"line":64,"column":5}},"21":{"start":{"line":61,"column":6},"end":{"line":61,"column":64}},"22":{"start":{"line":63,"column":6},"end":{"line":63,"column":73}}},"fnMap":{"0":{"name":"scanQRCodeAndGetData","decl":{"start":{"line":17,"column":22},"end":{"line":17,"column":42}},"loc":{"start":{"line":17,"column":93},"end":{"line":66,"column":1}},"line":17}},"branchMap":{"0":{"loc":{"start":{"line":24,"column":4},"end":{"line":27,"column":5}},"type":"if","locations":[{"start":{"line":24,"column":4},"end":{"line":27,"column":5}},{"start":{},"end":{}}],"line":24},"1":{"loc":{"start":{"line":24,"column":8},"end":{"line":24,"column":53}},"type":"binary-expr","locations":[{"start":{"line":24,"column":8},"end":{"line":24,"column":29}},{"start":{"line":24,"column":33},"end":{"line":24,"column":53}}],"line":24},"2":{"loc":{"start":{"line":56,"column":4},"end":{"line":64,"column":5}},"type":"if","locations":[{"start":{"line":56,"column":4},"end":{"line":64,"column":5}},{"start":{"line":58,"column":11},"end":{"line":64,"column":5}}],"line":56},"3":{"loc":{"start":{"line":58,"column":11},"end":{"line":64,"column":5}},"type":"if","locations":[{"start":{"line":58,"column":11},"end":{"line":64,"column":5}},{"start":{"line":60,"column":11},"end":{"line":64,"column":5}}],"line":58},"4":{"loc":{"start":{"line":60,"column":11},"end":{"line":64,"column":5}},"type":"if","locations":[{"start":{"line":60,"column":11},"end":{"line":64,"column":5}},{"start":{"line":62,"column":11},"end":{"line":64,"column":5}}],"line":60}},"s":{"0":6,"1":6,"2":4,"3":4,"4":4,"5":2,"6":2,"7":2,"8":2,"9":2,"10":2,"11":2,"12":2,"13":2,"14":2,"15":4,"16":4,"17":1,"18":3,"19":0,"20":3,"21":1,"22":2},"f":{"0":6},"b":{"0":[2,2],"1":[4,3],"2":[1,3],"3":[0,3],"4":[1,2]},"_coverageSchema":"1a1c01bbd47fc00a2c39e90264f33305004495a9","hash":"71da59193178eb1542279801edf00a440df554d1"}
,"C:\\Users\\Matija\\Desktop\\ePrometna\\ePrometna_PoliceMobileApp\\services\\userService.ts": {"path":"C:\\Users\\Matija\\Desktop\\ePrometna\\ePrometna_PoliceMobileApp\\services\\userService.ts","statementMap":{"0":{"start":{"line":6,"column":2},"end":{"line":13,"column":3}},"1":{"start":{"line":7,"column":21},"end":{"line":7,"column":57}},"2":{"start":{"line":8,"column":4},"end":{"line":8,"column":55}},"3":{"start":{"line":9,"column":4},"end":{"line":9,"column":25}},"4":{"start":{"line":11,"column":4},"end":{"line":11,"column":57}},"5":{"start":{"line":12,"column":4},"end":{"line":12,"column":16}}},"fnMap":{"0":{"name":"getLoggedInUser","decl":{"start":{"line":5,"column":22},"end":{"line":5,"column":37}},"loc":{"start":{"line":5,"column":67},"end":{"line":14,"column":1}},"line":5}},"branchMap":{},"s":{"0":6,"1":6,"2":2,"3":2,"4":4,"5":4},"f":{"0":6},"b":{},"_coverageSchema":"1a1c01bbd47fc00a2c39e90264f33305004495a9","hash":"2eaa2af1b4b381d75b3f9582c8467d9c17885f1c"}
,"C:\\Users\\Matija\\Desktop\\ePrometna\\ePrometna_PoliceMobileApp\\utilities\\deviceUtils.ts": {"path":"C:\\Users\\Matija\\Desktop\\ePrometna\\ePrometna_PoliceMobileApp\\utilities\\deviceUtils.ts","statementMap":{"0":{"start":{"line":6,"column":2},"end":{"line":50,"column":3}},"1":{"start":{"line":8,"column":23},"end":{"line":8,"column":56}},"2":{"start":{"line":9,"column":23},"end":{"line":9,"column":60}},"3":{"start":{"line":10,"column":19},"end":{"line":10,"column":44}},"4":{"start":{"line":11,"column":23},"end":{"line":11,"column":52}},"5":{"start":{"line":12,"column":19},"end":{"line":12,"column":30}},"6":{"start":{"line":13,"column":23},"end":{"line":13,"column":52}},"7":{"start":{"line":15,"column":19},"end":{"line":15,"column":21}},"8":{"start":{"line":17,"column":4},"end":{"line":25,"column":5}},"9":{"start":{"line":18,"column":24},"end":{"line":18,"column":62}},"10":{"start":{"line":19,"column":6},"end":{"line":19,"column":44}},"11":{"start":{"line":20,"column":11},"end":{"line":25,"column":5}},"12":{"start":{"line":21,"column":20},"end":{"line":21,"column":68}},"13":{"start":{"line":22,"column":6},"end":{"line":22,"column":40}},"14":{"start":{"line":24,"column":6},"end":{"line":24,"column":61}},"15":{"start":{"line":27,"column":4},"end":{"line":37,"column":6}},"16":{"start":{"line":39,"column":4},"end":{"line":39,"column":55}},"17":{"start":{"line":41,"column":4},"end":{"line":49,"column":6}}},"fnMap":{"0":{"name":"getDeviceInfo","decl":{"start":{"line":5,"column":22},"end":{"line":5,"column":35}},"loc":{"start":{"line":5,"column":38},"end":{"line":51,"column":1}},"line":5}},"branchMap":{"0":{"loc":{"start":{"line":9,"column":23},"end":{"line":9,"column":60}},"type":"binary-expr","locations":[{"start":{"line":9,"column":23},"end":{"line":9,"column":40}},{"start":{"line":9,"column":44},"end":{"line":9,"column":60}}],"line":9},"1":{"loc":{"start":{"line":10,"column":19},"end":{"line":10,"column":44}},"type":"binary-expr","locations":[{"start":{"line":10,"column":19},"end":{"line":10,"column":31}},{"start":{"line":10,"column":35},"end":{"line":10,"column":44}}],"line":10},"2":{"loc":{"start":{"line":11,"column":23},"end":{"line":11,"column":52}},"type":"binary-expr","locations":[{"start":{"line":11,"column":23},"end":{"line":11,"column":39}},{"start":{"line":11,"column":43},"end":{"line":11,"column":52}}],"line":11},"3":{"loc":{"start":{"line":13,"column":23},"end":{"line":13,"column":52}},"type":"binary-expr","locations":[{"start":{"line":13,"column":23},"end":{"line":13,"column":39}},{"start":{"line":13,"column":43},"end":{"line":13,"column":52}}],"line":13},"4":{"loc":{"start":{"line":17,"column":4},"end":{"line":25,"column":5}},"type":"if","locations":[{"start":{"line":17,"column":4},"end":{"line":25,"column":5}},{"start":{"line":20,"column":11},"end":{"line":25,"column":5}}],"line":17},"5":{"loc":{"start":{"line":18,"column":24},"end":{"line":18,"column":62}},"type":"binary-expr","locations":[{"start":{"line":18,"column":24},"end":{"line":18,"column":56}},{"start":{"line":18,"column":60},"end":{"line":18,"column":62}}],"line":18},"6":{"loc":{"start":{"line":20,"column":11},"end":{"line":25,"column":5}},"type":"if","locations":[{"start":{"line":20,"column":11},"end":{"line":25,"column":5}},{"start":{"line":23,"column":11},"end":{"line":25,"column":5}}],"line":20},"7":{"loc":{"start":{"line":21,"column":20},"end":{"line":21,"column":68}},"type":"binary-expr","locations":[{"start":{"line":21,"column":20},"end":{"line":21,"column":62}},{"start":{"line":21,"column":66},"end":{"line":21,"column":68}}],"line":21},"8":{"loc":{"start":{"line":35,"column":19},"end":{"line":35,"column":66}},"type":"binary-expr","locations":[{"start":{"line":35,"column":19},"end":{"line":35,"column":55}},{"start":{"line":35,"column":59},"end":{"line":35,"column":66}}],"line":35},"9":{"loc":{"start":{"line":36,"column":21},"end":{"line":36,"column":58}},"type":"binary-expr","locations":[{"start":{"line":36,"column":21},"end":{"line":36,"column":51}},{"start":{"line":36,"column":55},"end":{"line":36,"column":58}}],"line":36}},"s":{"0":0,"1":0,"2":0,"3":0,"4":0,"5":0,"6":0,"7":0,"8":0,"9":0,"10":0,"11":0,"12":0,"13":0,"14":0,"15":0,"16":0,"17":0},"f":{"0":0},"b":{"0":[0,0],"1":[0,0],"2":[0,0],"3":[0,0],"4":[0,0],"5":[0,0],"6":[0,0],"7":[0,0],"8":[0,0],"9":[0,0]},"_coverageSchema":"1a1c01bbd47fc00a2c39e90264f33305004495a9","hash":"93a617a86874bf150d29814a3172179d7e7169ba"}
}
