TN:
SF:enums\userRole.ts
FNF:0
FNH:0
LF:0
LH:0
BRF:0
BRH:0
end_of_record
TN:
SF:services\authService.ts
FN:16,registerMobile
FN:57,registerPolice
FN:93,login
FN:106,logoutDevice
FNF:4
FNH:3
FNDA:2,registerMobile
FNDA:6,registerPolice
FNDA:4,login
FNDA:0,logoutDevice
DA:17,2
DA:19,2
DA:21,2
DA:36,2
DA:38,1
DA:44,1
DA:46,1
DA:47,1
DA:48,1
DA:49,1
DA:51,0
DA:52,0
DA:58,6
DA:60,6
DA:62,5
DA:72,5
DA:74,2
DA:80,2
DA:82,4
DA:83,3
DA:84,3
DA:85,3
DA:87,1
DA:88,1
DA:94,4
DA:95,4
DA:96,1
DA:98,3
DA:99,3
DA:100,3
DA:102,0
DA:107,0
DA:109,0
DA:111,0
LF:34
LH:28
BRDA:39,0,0,1
BRDA:39,0,1,0
BRDA:40,1,0,1
BRDA:40,1,1,0
BRDA:41,2,0,1
BRDA:41,2,1,0
BRDA:46,3,0,1
BRDA:46,3,1,0
BRDA:49,4,0,1
BRDA:49,4,1,0
BRDA:75,5,0,2
BRDA:75,5,1,0
BRDA:76,6,0,2
BRDA:76,6,1,0
BRDA:77,7,0,2
BRDA:77,7,1,0
BRDA:82,8,0,3
BRDA:82,8,1,1
BRDA:85,9,0,3
BRDA:85,9,1,1
BRDA:98,10,0,3
BRDA:98,10,1,0
BRDA:100,11,0,3
BRDA:100,11,1,1
BRF:24
BRH:15
end_of_record
TN:
SF:services\tempDataService.ts
FN:17,scanQRCodeAndGetData
FNF:1
FNH:1
FNDA:6,scanQRCodeAndGetData
DA:18,6
DA:19,6
DA:20,4
DA:22,4
DA:24,4
DA:25,2
DA:26,2
DA:29,2
DA:31,2
DA:32,2
DA:33,2
DA:35,2
DA:36,2
DA:37,2
DA:39,2
DA:46,4
DA:56,4
DA:57,1
DA:58,3
DA:59,0
DA:60,3
DA:61,1
DA:63,2
LF:23
LH:22
BRDA:24,0,0,2
BRDA:24,0,1,2
BRDA:24,1,0,4
BRDA:24,1,1,3
BRDA:56,2,0,1
BRDA:56,2,1,3
BRDA:58,3,0,0
BRDA:58,3,1,3
BRDA:60,4,0,1
BRDA:60,4,1,2
BRF:10
BRH:9
end_of_record
TN:
SF:services\userService.ts
FN:5,getLoggedInUser
FNF:1
FNH:1
FNDA:6,getLoggedInUser
DA:6,6
DA:7,6
DA:8,2
DA:9,2
DA:11,4
DA:12,4
LF:6
LH:6
BRF:0
BRH:0
end_of_record
TN:
SF:utilities\deviceUtils.ts
FN:5,getDeviceInfo
FNF:1
FNH:0
FNDA:0,getDeviceInfo
DA:6,0
DA:8,0
DA:9,0
DA:10,0
DA:11,0
DA:12,0
DA:13,0
DA:15,0
DA:17,0
DA:18,0
DA:19,0
DA:20,0
DA:21,0
DA:22,0
DA:24,0
DA:27,0
DA:39,0
DA:41,0
LF:18
LH:0
BRDA:9,0,0,0
BRDA:9,0,1,0
BRDA:10,1,0,0
BRDA:10,1,1,0
BRDA:11,2,0,0
BRDA:11,2,1,0
BRDA:13,3,0,0
BRDA:13,3,1,0
BRDA:17,4,0,0
BRDA:17,4,1,0
BRDA:18,5,0,0
BRDA:18,5,1,0
BRDA:20,6,0,0
BRDA:20,6,1,0
BRDA:21,7,0,0
BRDA:21,7,1,0
BRDA:35,8,0,0
BRDA:35,8,1,0
BRDA:36,9,0,0
BRDA:36,9,1,0
BRF:20
BRH:0
end_of_record
